2025-09-27 19:37:42,415 - db_helper - INFO - fetch_expenses_for_date called with 2024-09-30
2025-09-27 19:37:43,508 - db_helper - INFO - fetch_expense_summary called with start: 2024-08-01 end: 2024-08-05
2025-09-27 19:47:38,905 - db_helper - INFO - fetch_expenses_for_date called with 2024-09-30
2025-09-27 19:47:39,012 - db_helper - INFO - fetch_expense_summary called with start: 2024-08-01 end: 2024-08-05
2025-10-05 16:59:10,302 - db_helper - INFO - fetch_expenses_for_date called with 2024-08-01
2025-10-05 17:04:06,893 - db_helper - INFO - fetch_expenses_for_date called with 2024-08-01
2025-10-05 17:22:19,830 - db_helper - INFO - delete_expenses_for_date called with 2024-08-01
2025-10-05 17:22:20,946 - db_helper - INFO - insert_expense called with date: 2024-08-01, amount: 2000.0, category: shopping, notes: Monthly rent payment
2025-10-05 17:22:21,268 - db_helper - INFO - insert_expense called with date: 2024-08-01, amount: 500.0, category: Food, notes: hi
2025-10-05 17:22:21,425 - db_helper - INFO - insert_expense called with date: 2024-08-01, amount: 1200.0, category: Rent, notes: hello
2025-10-05 17:22:21,572 - db_helper - INFO - insert_expense called with date: 2024-08-01, amount: 300.0, category: Food, notes: cool
2025-10-05 17:48:04,527 - db_helper - INFO - fetch_expenses_for_date called with 2024-08-01
2025-10-05 17:48:50,115 - db_helper - INFO - fetch_expenses_for_date called with 2024-08-01
2025-10-05 18:59:39,410 - db_helper - INFO - fetch_expenses_for_date called with 2024-08-01, user_id=1
2025-10-05 19:00:12,343 - db_helper - INFO - fetch_expenses_for_date called with 2024-08-02, user_id=1
2025-10-05 19:03:37,941 - db_helper - INFO - delete_expenses_for_date called with 2024-08-01, user_id=2
2025-10-05 19:03:38,027 - db_helper - INFO - insert_expense called with date: 2024-08-01, amount: 2000.0, category: shopping, user_id=2
2025-10-05 19:03:48,167 - db_helper - INFO - delete_expenses_for_date called with 2024-08-01, user_id=2
2025-10-05 19:03:48,592 - db_helper - INFO - insert_expense called with date: 2024-08-01, amount: 2000.0, category: shopping, user_id=2
2025-10-05 19:08:28,836 - db_helper - INFO - delete_expenses_for_date called with 2024-08-01, user_id=2
2025-10-05 19:08:29,132 - db_helper - INFO - insert_expense called with date: 2024-08-01, amount: 2000.0, category: shopping, user_id=2
2025-10-05 19:08:37,673 - db_helper - INFO - delete_expenses_for_date called with 2024-08-01, user_id=1
2025-10-05 19:08:38,162 - db_helper - INFO - insert_expense called with date: 2024-08-01, amount: 2000.0, category: shopping, user_id=1
2025-10-05 19:08:38,268 - db_helper - INFO - insert_expense called with date: 2024-08-01, amount: 500.0, category: groceries, user_id=1
2025-10-05 23:03:45,699 - db_helper - INFO - fetch_expenses_for_date called with 2024-08-01, user_id=1
2025-10-05 23:03:56,589 - db_helper - INFO - fetch_expenses_for_date called with 2024-08-01, user_id=1
2025-10-05 23:05:24,332 - db_helper - INFO - fetch_expenses_for_date called with 2024-08-01, user_id=1
2025-10-05 23:05:36,357 - db_helper - INFO - fetch_expenses_for_date called with 2024-08-02, user_id=1
2025-10-05 23:05:51,375 - db_helper - INFO - fetch_expenses_for_date called with 2024-08-03, user_id=1
2025-10-05 23:05:59,954 - db_helper - INFO - fetch_expenses_for_date called with 2024-08-07, user_id=1
2025-10-05 23:06:12,646 - db_helper - INFO - fetch_expenses_for_date called with 2024-08-01, user_id=1
2025-10-05 23:06:26,856 - db_helper - INFO - fetch_expenses_for_date called with 2024-08-01, user_id=1
2025-10-05 23:06:29,095 - db_helper - INFO - delete_expenses_for_date called with 2024-08-01, user_id=1
2025-10-05 23:06:30,174 - db_helper - INFO - insert_expense called with date: 2024-08-01, amount: 1.0, category: Shopping, user_id=1
2025-10-05 23:06:30,781 - db_helper - INFO - insert_expense called with date: 2024-08-01, amount: 500.0, category: Shopping, user_id=1
2025-10-05 23:06:30,989 - db_helper - INFO - insert_expense called with date: 2024-08-01, amount: 2.0, category: Entertainment, user_id=1
2025-10-05 23:06:40,324 - db_helper - INFO - fetch_expenses_for_date called with 2024-08-01, user_id=1
2025-10-05 23:08:44,169 - db_helper - INFO - fetch_expenses_for_date called with 2024-08-01, user_id=1
2025-10-05 23:15:05,363 - db_helper - INFO - fetch_expenses_for_date called with 2024-08-01, user_id=1
2025-10-05 23:15:08,273 - db_helper - INFO - fetch_monthly_summary called with user_id=1
2025-10-05 23:15:15,752 - db_helper - INFO - fetch_expenses_for_date called with 2024-08-01, user_id=1
2025-10-05 23:15:20,254 - db_helper - INFO - fetch_monthly_summary called with user_id=1
2025-10-05 23:15:25,180 - db_helper - INFO - fetch_expenses_for_date called with 2024-08-01, user_id=1
2025-10-05 23:15:26,899 - db_helper - INFO - fetch_expenses_for_date called with 2024-08-01, user_id=1
2025-10-05 23:15:31,269 - db_helper - INFO - fetch_monthly_summary called with user_id=1
2025-10-05 23:15:47,183 - db_helper - INFO - fetch_expenses_for_date called with 2024-08-01, user_id=1
2025-10-05 23:15:49,815 - db_helper - INFO - delete_expenses_for_date called with 2024-08-01, user_id=1
2025-10-05 23:15:50,207 - db_helper - INFO - insert_expense called with date: 2024-08-01, amount: 8.0, category: Rent, user_id=1
2025-10-05 23:15:50,350 - db_helper - INFO - insert_expense called with date: 2024-08-01, amount: 500.0, category: Shopping, user_id=1
2025-10-05 23:15:50,464 - db_helper - INFO - insert_expense called with date: 2024-08-01, amount: 2.0, category: Entertainment, user_id=1
2025-10-05 23:15:52,797 - db_helper - INFO - fetch_monthly_summary called with user_id=1
2025-10-05 23:18:16,881 - db_helper - INFO - fetch_expenses_for_date called with 2024-08-24, user_id=1
2025-10-05 23:18:19,257 - db_helper - INFO - fetch_monthly_summary called with user_id=1
2025-10-05 23:18:27,551 - db_helper - INFO - fetch_expenses_for_date called with 2025-08-01, user_id=1
2025-10-05 23:18:30,222 - db_helper - INFO - fetch_monthly_summary called with user_id=1
2025-10-05 23:20:14,778 - db_helper - INFO - fetch_expenses_for_date called with 2025-08-01, user_id=1
2025-10-05 23:20:17,157 - db_helper - INFO - fetch_monthly_summary called with user_id=1
2025-10-05 23:20:23,458 - db_helper - INFO - fetch_expenses_for_date called with 2024-08-01, user_id=1
2025-10-05 23:20:25,831 - db_helper - INFO - fetch_monthly_summary called with user_id=1
2025-10-05 23:20:29,540 - db_helper - INFO - fetch_expenses_for_date called with 2024-08-02, user_id=1
2025-10-05 23:20:31,887 - db_helper - INFO - fetch_monthly_summary called with user_id=1
2025-10-05 23:20:35,512 - db_helper - INFO - fetch_expenses_for_date called with 2024-08-09, user_id=1
2025-10-05 23:20:37,795 - db_helper - INFO - fetch_monthly_summary called with user_id=1
2025-10-05 23:20:49,017 - db_helper - INFO - fetch_expenses_for_date called with 2024-08-17, user_id=1
2025-10-05 23:20:51,354 - db_helper - INFO - fetch_monthly_summary called with user_id=1
2025-10-05 23:21:34,854 - db_helper - INFO - fetch_expenses_for_date called with 2024-08-17, user_id=1
2025-10-05 23:21:37,170 - db_helper - INFO - fetch_monthly_summary called with user_id=1
2025-10-05 23:22:37,951 - db_helper - INFO - fetch_expenses_for_date called with 2024-08-17, user_id=1
2025-10-05 23:22:40,548 - db_helper - INFO - fetch_monthly_summary called with user_id=1
2025-10-05 23:23:14,234 - db_helper - INFO - fetch_expenses_for_date called with 2024-08-17, user_id=1
2025-10-05 23:23:16,403 - db_helper - INFO - fetch_monthly_summary called with user_id=1
2025-10-05 23:23:19,742 - db_helper - INFO - fetch_expenses_for_date called with 2024-08-01, user_id=1
2025-10-05 23:23:22,184 - db_helper - INFO - fetch_monthly_summary called with user_id=1
2025-10-05 23:23:35,931 - db_helper - INFO - fetch_expenses_for_date called with 2024-08-01, user_id=1
2025-10-05 23:23:38,234 - db_helper - INFO - delete_expenses_for_date called with 2024-08-01, user_id=1
2025-10-05 23:23:38,391 - db_helper - INFO - insert_expense called with date: 2024-08-01, amount: 8.0, category: Rent, user_id=1
2025-10-05 23:23:38,602 - db_helper - INFO - insert_expense called with date: 2024-08-01, amount: 500.0, category: Shopping, user_id=1
2025-10-05 23:23:38,776 - db_helper - INFO - insert_expense called with date: 2024-08-01, amount: 2.0, category: Entertainment, user_id=1
2025-10-05 23:23:38,918 - db_helper - INFO - insert_expense called with date: 2024-08-01, amount: 1.0, category: Food, user_id=1
2025-10-05 23:23:41,152 - db_helper - INFO - fetch_expenses_for_date called with 2024-08-01, user_id=1
2025-10-05 23:23:43,517 - db_helper - INFO - fetch_monthly_summary called with user_id=1
2025-10-05 23:23:58,666 - db_helper - INFO - fetch_expenses_for_date called with 2024-08-01, user_id=1
2025-10-05 23:24:00,904 - db_helper - INFO - delete_expenses_for_date called with 2024-08-01, user_id=1
2025-10-05 23:24:01,125 - db_helper - INFO - insert_expense called with date: 2024-08-01, amount: 8.0, category: Rent, user_id=1
2025-10-05 23:24:01,248 - db_helper - INFO - insert_expense called with date: 2024-08-01, amount: 500.0, category: Shopping, user_id=1
2025-10-05 23:24:01,364 - db_helper - INFO - insert_expense called with date: 2024-08-01, amount: 2.0, category: Entertainment, user_id=1
2025-10-05 23:24:01,473 - db_helper - INFO - insert_expense called with date: 2024-08-01, amount: 1.0, category: Food, user_id=1
2025-10-05 23:24:01,589 - db_helper - INFO - insert_expense called with date: 2024-08-01, amount: 1.0, category: Other, user_id=1
2025-10-05 23:24:03,821 - db_helper - INFO - fetch_expenses_for_date called with 2024-08-01, user_id=1
2025-10-05 23:24:06,066 - db_helper - INFO - fetch_monthly_summary called with user_id=1
2025-10-05 23:24:35,663 - db_helper - INFO - fetch_expenses_for_date called with 2024-08-01, user_id=1
2025-10-05 23:24:39,999 - db_helper - INFO - fetch_monthly_summary called with user_id=1
2025-10-05 23:26:37,607 - db_helper - INFO - fetch_expenses_for_date called with 2024-08-01, user_id=1
2025-10-05 23:26:40,024 - db_helper - INFO - fetch_expense_summary called with start: 2025-09-05, end: 2025-10-05, user_id=1
2025-10-05 23:26:42,844 - db_helper - INFO - fetch_monthly_summary called with user_id=1
2025-10-05 23:26:51,443 - db_helper - INFO - fetch_expenses_for_date called with 2024-08-01, user_id=1
2025-10-05 23:26:53,664 - db_helper - INFO - fetch_expense_summary called with start: 2024-09-01, end: 2025-10-05, user_id=1
2025-10-05 23:27:10,330 - db_helper - INFO - fetch_monthly_summary called with user_id=1
2025-10-05 23:29:06,168 - db_helper - INFO - fetch_expenses_for_date called with 2024-08-01, user_id=1
2025-10-05 23:29:08,809 - db_helper - INFO - fetch_expense_summary called with start: 2024-09-01, end: 2025-10-05, user_id=1
2025-10-05 23:29:11,261 - db_helper - INFO - fetch_monthly_summary called with user_id=1
2025-10-05 23:31:10,996 - db_helper - INFO - fetch_expenses_for_date called with 2024-08-01, user_id=1
2025-10-05 23:31:13,452 - db_helper - INFO - fetch_expense_summary called with start: 2024-09-01, end: 2025-10-05, user_id=1
2025-10-05 23:31:15,799 - db_helper - INFO - fetch_monthly_summary called with user_id=1
2025-10-06 00:06:20,392 - db_helper - INFO - fetch_expenses_for_date called with 2024-08-01, user_id=1
2025-10-06 00:06:22,639 - db_helper - INFO - fetch_expense_summary called with start: 2025-09-06, end: 2025-10-06, user_id=1
2025-10-06 00:06:24,815 - db_helper - INFO - fetch_monthly_summary called with user_id=1
2025-10-06 00:06:32,987 - db_helper - INFO - fetch_expenses_for_date called with 2024-08-01, user_id=1
2025-10-06 00:06:35,094 - db_helper - INFO - fetch_expense_summary called with start: 2024-09-01, end: 2025-10-06, user_id=1
2025-10-06 00:06:40,872 - db_helper - INFO - fetch_monthly_summary called with user_id=1
2025-10-06 00:08:46,960 - db_helper - INFO - fetch_expenses_for_date called with 2024-08-01, user_id=1
2025-10-06 00:08:49,177 - db_helper - INFO - fetch_expense_summary called with start: 2024-09-01, end: 2025-10-06, user_id=1
2025-10-06 00:08:51,434 - db_helper - INFO - fetch_monthly_summary called with user_id=1
2025-10-06 00:09:54,313 - db_helper - INFO - fetch_expenses_for_date called with 2024-08-01, user_id=1
2025-10-06 00:09:56,953 - db_helper - INFO - fetch_expense_summary called with start: 2024-09-01, end: 2025-10-06, user_id=1
2025-10-06 00:14:34,925 - db_helper - INFO - fetch_expenses_for_date called with 2024-08-01, user_id=1
2025-10-06 00:14:37,530 - db_helper - INFO - fetch_expense_summary called with start: 2024-09-01, end: 2025-10-06, user_id=1
2025-10-06 00:15:00,565 - db_helper - INFO - fetch_expenses_for_date called with 2024-08-01, user_id=1
2025-10-06 00:15:02,925 - db_helper - INFO - fetch_expense_summary called with start: 2025-09-06, end: 2025-10-06, user_id=1
2025-10-06 00:15:16,314 - db_helper - INFO - fetch_expenses_for_date called with 2024-08-01, user_id=1
2025-10-06 00:15:18,809 - db_helper - INFO - fetch_expense_summary called with start: 2024-09-01, end: 2025-10-06, user_id=1
2025-10-06 00:16:19,033 - db_helper - INFO - fetch_expenses_for_date called with 2024-08-01, user_id=1
2025-10-06 00:16:21,896 - db_helper - INFO - fetch_expense_summary called with start: 2024-09-01, end: 2025-10-06, user_id=1
2025-10-06 00:17:33,800 - db_helper - INFO - fetch_expenses_for_date called with 2024-08-01, user_id=1
2025-10-06 00:17:36,023 - db_helper - INFO - fetch_expense_summary called with start: 2024-09-01, end: 2025-10-06, user_id=1
2025-10-06 00:17:55,916 - db_helper - INFO - fetch_expenses_for_date called with 2024-08-01, user_id=1
2025-10-06 00:17:58,295 - db_helper - INFO - fetch_expense_summary called with start: 2024-09-01, end: 2025-10-06, user_id=1
2025-10-06 00:20:19,634 - db_helper - INFO - fetch_expenses_for_date called with 2024-08-01, user_id=1
2025-10-06 00:20:22,038 - db_helper - INFO - fetch_expense_summary called with start: 2024-09-01, end: 2025-10-06, user_id=1
2025-10-06 00:27:27,683 - db_helper - INFO - fetch_expenses_for_date called with 2024-08-01, user_id=1
2025-10-06 00:27:29,968 - db_helper - INFO - fetch_expense_summary called with start: 2024-09-01, end: 2025-10-06, user_id=1
2025-10-06 06:36:32,876 - db_helper - INFO - fetch_expenses_for_date called with 2024-08-01, user_id=1
2025-10-06 06:36:35,079 - db_helper - INFO - fetch_expense_summary called with start: 2025-09-06, end: 2025-10-06, user_id=1
2025-10-06 06:36:39,217 - db_helper - INFO - fetch_expenses_for_date called with 2024-08-02, user_id=1
2025-10-06 06:36:42,271 - db_helper - INFO - fetch_expense_summary called with start: 2025-09-06, end: 2025-10-06, user_id=1
2025-10-06 06:36:58,077 - db_helper - INFO - fetch_expenses_for_date called with 2024-08-02, user_id=1
2025-10-06 06:37:00,425 - db_helper - INFO - fetch_expense_summary called with start: 2024-08-01, end: 2025-10-06, user_id=1
2025-10-06 06:46:02,372 - db_helper - INFO - fetch_expenses_for_date called with 2024-08-02, user_id=1
2025-10-06 06:46:16,297 - db_helper - INFO - fetch_expenses_for_date called with 2024-08-01, user_id=1
2025-10-06 06:46:26,225 - db_helper - INFO - fetch_expenses_for_date called with 2024-08-02, user_id=1
2025-10-06 06:47:00,437 - db_helper - INFO - fetch_expenses_for_date called with 2024-08-02, user_id=1
2025-10-06 06:47:21,282 - db_helper - INFO - fetch_expenses_for_date called with 2024-08-02, user_id=1
2025-10-06 06:50:20,556 - db_helper - INFO - fetch_expenses_for_date called with 2024-08-02, user_id=1
2025-10-06 06:50:23,142 - db_helper - INFO - fetch_expense_summary called with start: 2024-08-01, end: 2025-10-01, user_id=1
2025-10-06 06:52:45,986 - db_helper - INFO - fetch_expenses_for_date called with 2024-08-02, user_id=1
2025-10-06 06:52:48,317 - db_helper - INFO - fetch_expense_summary called with start: 2024-08-01, end: 2025-10-01, user_id=1
2025-10-06 06:58:52,046 - db_helper - INFO - fetch_expenses_for_date called with 2024-08-02, user_id=1
2025-10-06 06:58:54,985 - db_helper - INFO - fetch_expense_summary called with start: 2024-08-01, end: 2025-10-01, user_id=1
2025-10-06 06:58:57,346 - db_helper - INFO - fetch_monthly_summary called with user_id=1
2025-10-06 06:58:58,549 - db_helper - ERROR - Error in fetch_monthly_summary: 1630 (42000): FUNCTION expense_manager.sum does not exist. Check the 'Function Name Parsing and Resolution' section in the Reference Manual
2025-10-06 06:58:59,376 - db_helper - ERROR - Traceback (most recent call last):
  File "C:\code\Projects\project_expense_tracking_2\backend\db_helper.py", line 117, in fetch_expense_summary_by_month
    cursor.execute(query, (user_id,))
  File "C:\Users\Vinayak vishnu naik\AppData\Roaming\Python\Python310\site-packages\mysql\connector\cursor.py", line 615, in execute
    self._handle_result(self._connection.cmd_query(stmt))
  File "C:\Users\Vinayak vishnu naik\AppData\Roaming\Python\Python310\site-packages\mysql\connector\connection.py", line 1046, in cmd_query
    result = self._handle_result(self._send_cmd(ServerCmd.QUERY, query))
  File "C:\Users\Vinayak vishnu naik\AppData\Roaming\Python\Python310\site-packages\mysql\connector\connection.py", line 824, in _handle_result
    raise get_exception(packet)
mysql.connector.errors.ProgrammingError: 1630 (42000): FUNCTION expense_manager.sum does not exist. Check the 'Function Name Parsing and Resolution' section in the Reference Manual

2025-10-06 07:01:07,644 - db_helper - INFO - fetch_expenses_for_date called with 2024-08-02, user_id=1
2025-10-06 07:01:10,445 - db_helper - INFO - fetch_expense_summary called with start: 2024-08-01, end: 2025-10-01, user_id=1
2025-10-06 07:01:12,958 - db_helper - INFO - fetch_monthly_summary called with user_id=1
2025-10-06 07:01:13,191 - db_helper - ERROR - Error in fetch_monthly_summary: 1630 (42000): FUNCTION expense_manager.sum does not exist. Check the 'Function Name Parsing and Resolution' section in the Reference Manual
2025-10-06 07:01:13,208 - db_helper - ERROR - Traceback (most recent call last):
  File "C:\code\Projects\project_expense_tracking_2\backend\db_helper.py", line 117, in fetch_expense_summary_by_month
    cursor.execute(query, (user_id,))
  File "C:\Users\Vinayak vishnu naik\AppData\Roaming\Python\Python310\site-packages\mysql\connector\cursor.py", line 615, in execute
    self._handle_result(self._connection.cmd_query(stmt))
  File "C:\Users\Vinayak vishnu naik\AppData\Roaming\Python\Python310\site-packages\mysql\connector\connection.py", line 1046, in cmd_query
    result = self._handle_result(self._send_cmd(ServerCmd.QUERY, query))
  File "C:\Users\Vinayak vishnu naik\AppData\Roaming\Python\Python310\site-packages\mysql\connector\connection.py", line 824, in _handle_result
    raise get_exception(packet)
mysql.connector.errors.ProgrammingError: 1630 (42000): FUNCTION expense_manager.sum does not exist. Check the 'Function Name Parsing and Resolution' section in the Reference Manual

2025-10-06 07:03:09,809 - db_helper - INFO - fetch_expenses_for_date called with 2024-08-02, user_id=1
2025-10-06 07:03:11,972 - db_helper - INFO - fetch_expense_summary called with start: 2024-08-01, end: 2025-10-01, user_id=1
2025-10-06 07:03:14,566 - db_helper - INFO - fetch_expense_summary_by_month called with user_id=1
2025-10-06 07:03:14,997 - db_helper - ERROR - Error in fetch_expense_summary_by_month: 1064 (42000): You have an error in your SQL syntax; check the manual that corresponds to your MySQL server version for the right syntax to use near 'DECIMAL (10, 2)) as total
                FROM expenses
                WHERE us' at line 2
2025-10-06 07:03:15,005 - db_helper - ERROR - Traceback (most recent call last):
  File "C:\code\Projects\project_expense_tracking_2\backend\db_helper.py", line 116, in fetch_expense_summary_by_month
    cursor.execute(query, (user_id,))
  File "C:\Users\Vinayak vishnu naik\AppData\Roaming\Python\Python310\site-packages\mysql\connector\cursor.py", line 615, in execute
    self._handle_result(self._connection.cmd_query(stmt))
  File "C:\Users\Vinayak vishnu naik\AppData\Roaming\Python\Python310\site-packages\mysql\connector\connection.py", line 1046, in cmd_query
    result = self._handle_result(self._send_cmd(ServerCmd.QUERY, query))
  File "C:\Users\Vinayak vishnu naik\AppData\Roaming\Python\Python310\site-packages\mysql\connector\connection.py", line 824, in _handle_result
    raise get_exception(packet)
mysql.connector.errors.ProgrammingError: 1064 (42000): You have an error in your SQL syntax; check the manual that corresponds to your MySQL server version for the right syntax to use near 'DECIMAL (10, 2)) as total
                FROM expenses
                WHERE us' at line 2

2025-10-06 07:06:21,081 - db_helper - INFO - fetch_expenses_for_date called with 2024-08-02, user_id=1
2025-10-06 07:06:23,354 - db_helper - INFO - fetch_expense_summary called with start: 2024-08-01, end: 2025-10-01, user_id=1
2025-10-06 07:06:25,702 - db_helper - INFO - fetch_expense_summary_by_month called with user_id=1
2025-10-06 07:10:28,451 - db_helper - INFO - fetch_expenses_for_date called with 2024-08-01, user_id=2
2025-10-06 07:10:30,836 - db_helper - INFO - fetch_expense_summary called with start: 2025-09-06, end: 2025-10-06, user_id=2
2025-10-06 07:10:33,148 - db_helper - INFO - fetch_expense_summary_by_month called with user_id=2
2025-10-06 07:32:05,561 - db_helper - INFO - fetch_expenses_for_date called with 2024-08-01, user_id=1
2025-10-06 07:32:11,929 - db_helper - INFO - fetch_expenses_for_date called with 2024-08-02, user_id=1
2025-10-06 07:33:37,173 - db_helper - INFO - fetch_expenses_for_date called with 2024-08-02, user_id=1
2025-10-06 07:33:39,491 - db_helper - INFO - fetch_expense_summary called with start: 2025-09-06, end: 2025-10-06, user_id=1
2025-10-06 07:33:53,369 - db_helper - INFO - fetch_expenses_for_date called with 2024-08-02, user_id=1
2025-10-06 07:33:55,664 - db_helper - INFO - fetch_expense_summary called with start: 2024-08-01, end: 2025-10-06, user_id=1
2025-10-06 07:35:18,502 - db_helper - INFO - fetch_expenses_for_date called with 2024-08-01, user_id=1
2025-10-06 07:35:20,749 - db_helper - INFO - fetch_expense_summary called with start: 2025-09-06, end: 2025-10-06, user_id=1
2025-10-06 07:35:23,067 - db_helper - INFO - fetch_expense_summary_by_month called with user_id=1
2025-10-06 07:35:42,947 - db_helper - INFO - fetch_expenses_for_date called with 2024-08-01, user_id=1
2025-10-06 07:35:45,392 - db_helper - INFO - fetch_expense_summary called with start: 2024-08-01, end: 2025-10-06, user_id=1
2025-10-06 07:35:47,664 - db_helper - INFO - fetch_expense_summary_by_month called with user_id=1
2025-10-06 07:37:19,977 - db_helper - INFO - fetch_expenses_for_date called with 2024-08-01, user_id=1
2025-10-06 07:37:22,686 - db_helper - INFO - fetch_expense_summary called with start: 2025-09-06, end: 2025-10-06, user_id=1
2025-10-06 07:37:24,867 - db_helper - INFO - fetch_expense_summary_by_month called with user_id=1
2025-10-06 07:37:41,986 - db_helper - INFO - fetch_expenses_for_date called with 2024-08-01, user_id=1
2025-10-06 07:37:44,204 - db_helper - INFO - fetch_expense_summary called with start: 2025-09-06, end: 2025-10-06, user_id=1
2025-10-06 07:37:46,483 - db_helper - INFO - fetch_expense_summary_by_month called with user_id=1
2025-10-06 21:08:17,142 - db_helper - INFO - fetch_expenses_for_date called with 2024-08-01, user_id=1
2025-10-06 21:08:19,620 - db_helper - INFO - fetch_expense_summary called with start: 2025-09-06, end: 2025-10-06, user_id=1
2025-10-06 21:08:21,902 - db_helper - INFO - fetch_expense_summary_by_month called with user_id=1
2025-10-06 21:08:34,345 - db_helper - INFO - fetch_expenses_for_date called with 2024-08-01, user_id=1
2025-10-06 21:08:37,305 - db_helper - INFO - fetch_expense_summary called with start: 2024-08-01, end: 2025-10-06, user_id=1
2025-10-06 21:08:40,368 - db_helper - INFO - fetch_expense_summary_by_month called with user_id=1
2025-10-06 21:22:21,426 - db_helper - INFO - fetch_expenses_for_date called with 2024-08-01, user_id=1
2025-10-06 21:22:21,441 - db_helper - INFO - fetch_expenses_for_date called with 2024-08-01, user_id=1
2025-10-06 21:22:27,674 - db_helper - INFO - delete_expenses_for_date called with 2024-08-01, user_id=1
2025-10-06 21:22:28,303 - db_helper - INFO - insert_expense called with date: 2024-08-01, amount: 9.0, category: Rent, user_id=1
2025-10-06 21:22:28,599 - db_helper - INFO - insert_expense called with date: 2024-08-01, amount: 500.0, category: Shopping, user_id=1
2025-10-06 21:22:28,830 - db_helper - INFO - insert_expense called with date: 2024-08-01, amount: 2.0, category: Entertainment, user_id=1
2025-10-06 21:22:29,050 - db_helper - INFO - insert_expense called with date: 2024-08-01, amount: 1.0, category: Food, user_id=1
2025-10-06 21:22:29,288 - db_helper - INFO - insert_expense called with date: 2024-08-01, amount: 1.0, category: Other, user_id=1
2025-10-06 21:22:31,688 - db_helper - INFO - fetch_expenses_for_date called with 2024-08-01, user_id=1
2025-10-06 21:22:33,975 - db_helper - INFO - fetch_expense_summary called with start: 2025-09-06, end: 2025-10-06, user_id=1
2025-10-06 21:22:36,166 - db_helper - INFO - fetch_expense_summary_by_month called with user_id=1
2025-10-06 21:22:37,463 - db_helper - INFO - fetch_expenses_for_date called with 2024-08-02, user_id=1
2025-10-06 21:22:39,870 - db_helper - INFO - fetch_expense_summary called with start: 2024-08-01, end: 2025-10-06, user_id=1
2025-10-06 21:22:42,896 - db_helper - INFO - fetch_expense_summary_by_month called with user_id=1
2025-10-06 21:22:49,597 - db_helper - INFO - fetch_expenses_for_date called with 2024-08-01, user_id=1
2025-10-06 21:22:52,123 - db_helper - INFO - fetch_expense_summary called with start: 2024-08-01, end: 2025-10-06, user_id=1
2025-10-06 21:22:54,778 - db_helper - INFO - fetch_expense_summary_by_month called with user_id=1
